#! /usr/bin/vvp
:ivl_version "10.3 (stable)";
:ivl_delay_selection "TYPICAL";
:vpi_time_precision + 0;
:vpi_module "system";
:vpi_module "vhdl_sys";
:vpi_module "v2005_math";
:vpi_module "va_math";
S_0x606baecb80d0 .scope module, "PRNG" "PRNG" 2 1;
 .timescale 0 0;
    .port_info 0 /INPUT 1 "clk"
    .port_info 1 /INPUT 1 "rst"
    .port_info 2 /INPUT 5 "seed"
    .port_info 3 /OUTPUT 16 "random_out"
o0x781bf24c4018 .functor BUFZ 1, C4<z>; HiZ drive
v0x606baeccaf60_0 .net "clk", 0 0, o0x781bf24c4018;  0 drivers
v0x606baeccb000_0 .var "epsilon_LUT", 511 0;
v0x606baed02230_0 .var "random_out", 15 0;
o0x781bf24c40a8 .functor BUFZ 1, C4<z>; HiZ drive
v0x606baed022f0_0 .net "rst", 0 0, o0x781bf24c40a8;  0 drivers
o0x781bf24c40d8 .functor BUFZ 5, C4<zzzzz>; HiZ drive
v0x606baed023b0_0 .net "seed", 4 0, o0x781bf24c40d8;  0 drivers
v0x606baed024e0_0 .var "state", 4 0;
E_0x606baecedbb0 .event posedge, v0x606baed022f0_0, v0x606baeccaf60_0;
    .scope S_0x606baecb80d0;
T_0 ;
    %pushi/vec4 3808486145, 0, 72;
    %concati/vec4 3338782465, 0, 32;
    %concati/vec4 3338840578, 0, 32;
    %concati/vec4 2852301314, 0, 32;
    %concati/vec4 2852359683, 0, 32;
    %concati/vec4 2382597635, 0, 32;
    %concati/vec4 2382597636, 0, 32;
    %concati/vec4 3792232968, 0, 33;
    %concati/vec4 3792232968, 0, 32;
    %concati/vec4 3792349706, 0, 32;
    %concati/vec4 2852825610, 0, 32;
    %concati/vec4 2852941836, 0, 32;
    %concati/vec4 3759726620, 0, 33;
    %concati/vec4 3761823808, 0, 33;
    %concati/vec4 2048, 0, 21;
    %store/vec4 v0x606baeccb000_0, 0, 512;
    %end;
    .thread T_0;
    .scope S_0x606baecb80d0;
T_1 ;
    %wait E_0x606baecedbb0;
    %load/vec4 v0x606baed022f0_0;
    %flag_set/vec4 8;
    %jmp/0xz  T_1.0, 8;
    %pushi/vec4 0, 0, 16;
    %assign/vec4 v0x606baed02230_0, 0;
    %jmp T_1.1;
T_1.0 ;
    %load/vec4 v0x606baeccb000_0;
    %load/vec4 v0x606baed024e0_0;
    %pad/u 32;
    %muli 16, 0, 32;
    %part/u 16;
    %store/vec4 v0x606baed02230_0, 0, 16;
T_1.1 ;
    %jmp T_1;
    .thread T_1;
    .scope S_0x606baecb80d0;
T_2 ;
    %wait E_0x606baecedbb0;
    %load/vec4 v0x606baed022f0_0;
    %flag_set/vec4 8;
    %jmp/0xz  T_2.0, 8;
    %pushi/vec4 0, 0, 16;
    %assign/vec4 v0x606baed02230_0, 0;
    %load/vec4 v0x606baed023b0_0;
    %assign/vec4 v0x606baed024e0_0, 0;
    %jmp T_2.1;
T_2.0 ;
    %load/vec4 v0x606baeccb000_0;
    %load/vec4 v0x606baed024e0_0;
    %pad/u 32;
    %muli 16, 0, 32;
    %part/u 16;
    %assign/vec4 v0x606baed02230_0, 0;
    %load/vec4 v0x606baed023b0_0;
    %parti/s 1, 3, 3;
    %flag_set/vec4 8;
    %jmp/0xz  T_2.2, 8;
    %load/vec4 v0x606baed024e0_0;
    %load/vec4 v0x606baed024e0_0;
    %ix/load 4, 4, 0;
    %flag_set/imm 4, 0;
    %shiftl 4;
    %xor;
    %pushi/vec4 0, 0, 5;
    %xor;
    %assign/vec4 v0x606baed024e0_0, 0;
    %jmp T_2.3;
T_2.2 ;
    %load/vec4 v0x606baed024e0_0;
    %load/vec4 v0x606baed024e0_0;
    %ix/load 4, 4, 0;
    %flag_set/imm 4, 0;
    %shiftl 4;
    %xor;
    %load/vec4 v0x606baed024e0_0;
    %ix/load 4, 4, 0;
    %flag_set/imm 4, 0;
    %shiftr 4;
    %xor;
    %assign/vec4 v0x606baed024e0_0, 0;
T_2.3 ;
    %load/vec4 v0x606baed024e0_0;
    %addi 1, 0, 5;
    %assign/vec4 v0x606baed024e0_0, 0;
T_2.1 ;
    %jmp T_2;
    .thread T_2;
# The file index is used to find the file name in the following table.
:file_names 3;
    "N/A";
    "<interactive>";
    "PRNG.v";
